[2014-11-14 05:38:23,315] WARN  (ThreadPoolAsynchronousRunner.java:608) - com.mchange.v2.async.ThreadPoolAsynchronousRunner$DeadlockDetector@1b31c66 -- APPARENT DEADLOCK!!! Creating emergency threads for unassigned pending tasks!
[2014-11-14 05:38:33,655] WARN  (ThreadPoolAsynchronousRunner.java:624) - com.mchange.v2.async.ThreadPoolAsynchronousRunner$DeadlockDetector@1b31c66 -- APPARENT DEADLOCK!!! Complete Status: 
	Managed Threads: 3
	Active Threads: 3
	Active Tasks: 
		com.mchange.v2.resourcepool.BasicResourcePool$AcquireTask@f0922b (com.mchange.v2.async.ThreadPoolAsynchronousRunner$PoolThread-#0)
		com.mchange.v2.resourcepool.BasicResourcePool$AcquireTask@c6f97 (com.mchange.v2.async.ThreadPoolAsynchronousRunner$PoolThread-#1)
		com.mchange.v2.resourcepool.BasicResourcePool$AcquireTask@723b26 (com.mchange.v2.async.ThreadPoolAsynchronousRunner$PoolThread-#2)
	Pending Tasks: 
		com.mchange.v2.resourcepool.BasicResourcePool$AcquireTask@1893c04
		com.mchange.v2.resourcepool.BasicResourcePool$AcquireTask@c3515a
Pool thread stack traces:
	Thread[com.mchange.v2.async.ThreadPoolAsynchronousRunner$PoolThread-#0,5,main]
		com.mchange.v2.async.ThreadPoolAsynchronousRunner$PoolThread.run(ThreadPoolAsynchronousRunner.java:560)
	Thread[com.mchange.v2.async.ThreadPoolAsynchronousRunner$PoolThread-#1,5,main]
		com.mchange.v2.async.ThreadPoolAsynchronousRunner$PoolThread.run(ThreadPoolAsynchronousRunner.java:560)
	Thread[com.mchange.v2.async.ThreadPoolAsynchronousRunner$PoolThread-#2,5,main]
		com.mchange.v2.async.ThreadPoolAsynchronousRunner$PoolThread.run(ThreadPoolAsynchronousRunner.java:560)


[2014-11-14 09:12:21,511] WARN  (ThreadPoolAsynchronousRunner.java:608) - com.mchange.v2.async.ThreadPoolAsynchronousRunner$DeadlockDetector@1b31c66 -- APPARENT DEADLOCK!!! Creating emergency threads for unassigned pending tasks!
[2014-11-14 09:12:22,017] WARN  (ThreadPoolAsynchronousRunner.java:624) - com.mchange.v2.async.ThreadPoolAsynchronousRunner$DeadlockDetector@1b31c66 -- APPARENT DEADLOCK!!! Complete Status: 
	Managed Threads: 3
	Active Threads: 3
	Active Tasks: 
		com.mchange.v2.resourcepool.BasicResourcePool$AcquireTask@b3db71 (com.mchange.v2.async.ThreadPoolAsynchronousRunner$PoolThread-#2)
		com.mchange.v2.resourcepool.BasicResourcePool$AcquireTask@c0f78 (com.mchange.v2.async.ThreadPoolAsynchronousRunner$PoolThread-#1)
		com.mchange.v2.resourcepool.BasicResourcePool$AcquireTask@1cb9990 (com.mchange.v2.async.ThreadPoolAsynchronousRunner$PoolThread-#0)
	Pending Tasks: 
		com.mchange.v2.resourcepool.BasicResourcePool$AcquireTask@1cecf4c
		com.mchange.v2.resourcepool.BasicResourcePool$AcquireTask@8b8ca2
		com.mchange.v2.resourcepool.BasicResourcePool$AcquireTask@1bdfba8
		com.mchange.v2.resourcepool.BasicResourcePool$AcquireTask@1d4d483
		com.mchange.v2.resourcepool.BasicResourcePool$AcquireTask@1cbfbf6
		com.mchange.v2.resourcepool.BasicResourcePool$AcquireTask@10b0cd1
		com.mchange.v2.resourcepool.BasicResourcePool$AcquireTask@768a99
		com.mchange.v2.resourcepool.BasicResourcePool$AcquireTask@854519
		com.mchange.v2.resourcepool.BasicResourcePool$AcquireTask@17b6d99
		com.mchange.v2.resourcepool.BasicResourcePool$AcquireTask@589724
		com.mchange.v2.resourcepool.BasicResourcePool$AcquireTask@2aeff3
Pool thread stack traces:
	Thread[com.mchange.v2.async.ThreadPoolAsynchronousRunner$PoolThread-#2,5,main]
		java.net.SocketInputStream.socketRead0(Native Method)
		java.net.SocketInputStream.read(SocketInputStream.java:150)
		java.net.SocketInputStream.read(SocketInputStream.java:121)
		com.mysql.jdbc.util.ReadAheadInputStream.fill(ReadAheadInputStream.java:114)
		com.mysql.jdbc.util.ReadAheadInputStream.readFromUnderlyingStreamIfNecessary(ReadAheadInputStream.java:161)
		com.mysql.jdbc.util.ReadAheadInputStream.read(ReadAheadInputStream.java:189)
		com.mysql.jdbc.MysqlIO.readFully(MysqlIO.java:3116)
		com.mysql.jdbc.MysqlIO.reuseAndReadPacket(MysqlIO.java:3573)
		com.mysql.jdbc.MysqlIO.reuseAndReadPacket(MysqlIO.java:3562)
		com.mysql.jdbc.MysqlIO.checkErrorPacket(MysqlIO.java:4113)
		com.mysql.jdbc.MysqlIO.sendCommand(MysqlIO.java:2570)
		com.mysql.jdbc.MysqlIO.sqlQueryDirect(MysqlIO.java:2731)
		com.mysql.jdbc.ConnectionImpl.execSQL(ConnectionImpl.java:2812)
		com.mysql.jdbc.ConnectionImpl.execSQL(ConnectionImpl.java:2761)
		com.mysql.jdbc.StatementImpl.executeQuery(StatementImpl.java:1612)
		com.mysql.jdbc.ConnectionImpl.buildCollationMapping(ConnectionImpl.java:1002)
		com.mysql.jdbc.ConnectionImpl.initializePropsFromServer(ConnectionImpl.java:3593)
		com.mysql.jdbc.ConnectionImpl.connectOneTryOnly(ConnectionImpl.java:2534)
		com.mysql.jdbc.ConnectionImpl.createNewIO(ConnectionImpl.java:2304)
		com.mysql.jdbc.ConnectionImpl.<init>(ConnectionImpl.java:834)
		com.mysql.jdbc.JDBC4Connection.<init>(JDBC4Connection.java:47)
		sun.reflect.GeneratedConstructorAccessor24.newInstance(Unknown Source)
		sun.reflect.DelegatingConstructorAccessorImpl.newInstance(DelegatingConstructorAccessorImpl.java:45)
		java.lang.reflect.Constructor.newInstance(Constructor.java:530)
		com.mysql.jdbc.Util.handleNewInstance(Util.java:411)
		com.mysql.jdbc.ConnectionImpl.getInstance(ConnectionImpl.java:416)
		com.mysql.jdbc.NonRegisteringDriver.connect(NonRegisteringDriver.java:346)
		com.mchange.v2.c3p0.DriverManagerDataSource.getConnection(DriverManagerDataSource.java:134)
		com.mchange.v2.c3p0.WrapperConnectionPoolDataSource.getPooledConnection(WrapperConnectionPoolDataSource.java:182)
		com.mchange.v2.c3p0.WrapperConnectionPoolDataSource.getPooledConnection(WrapperConnectionPoolDataSource.java:171)
		com.mchange.v2.c3p0.impl.C3P0PooledConnectionPool$1PooledConnectionResourcePoolManager.acquireResource(C3P0PooledConnectionPool.java:137)
		com.mchange.v2.resourcepool.BasicResourcePool.doAcquire(BasicResourcePool.java:1014)
		com.mchange.v2.resourcepool.BasicResourcePool.access$800(BasicResourcePool.java:32)
		com.mchange.v2.resourcepool.BasicResourcePool$AcquireTask.run(BasicResourcePool.java:1810)
		com.mchange.v2.async.ThreadPoolAsynchronousRunner$PoolThread.run(ThreadPoolAsynchronousRunner.java:547)
	Thread[com.mchange.v2.async.ThreadPoolAsynchronousRunner$PoolThread-#1,5,main]
		com.mysql.jdbc.ConnectionImpl.initializePropsFromServer(ConnectionImpl.java:3681)
		com.mysql.jdbc.ConnectionImpl.connectOneTryOnly(ConnectionImpl.java:2534)
		com.mysql.jdbc.ConnectionImpl.createNewIO(ConnectionImpl.java:2304)
		com.mysql.jdbc.ConnectionImpl.<init>(ConnectionImpl.java:834)
		com.mysql.jdbc.JDBC4Connection.<init>(JDBC4Connection.java:47)
		sun.reflect.GeneratedConstructorAccessor24.newInstance(Unknown Source)
		sun.reflect.DelegatingConstructorAccessorImpl.newInstance(DelegatingConstructorAccessorImpl.java:45)
		java.lang.reflect.Constructor.newInstance(Constructor.java:530)
		com.mysql.jdbc.Util.handleNewInstance(Util.java:411)
		com.mysql.jdbc.ConnectionImpl.getInstance(ConnectionImpl.java:416)
		com.mysql.jdbc.NonRegisteringDriver.connect(NonRegisteringDriver.java:346)
		com.mchange.v2.c3p0.DriverManagerDataSource.getConnection(DriverManagerDataSource.java:134)
		com.mchange.v2.c3p0.WrapperConnectionPoolDataSource.getPooledConnection(WrapperConnectionPoolDataSource.java:182)
		com.mchange.v2.c3p0.WrapperConnectionPoolDataSource.getPooledConnection(WrapperConnectionPoolDataSource.java:171)
		com.mchange.v2.c3p0.impl.C3P0PooledConnectionPool$1PooledConnectionResourcePoolManager.acquireResource(C3P0PooledConnectionPool.java:137)
		com.mchange.v2.resourcepool.BasicResourcePool.doAcquire(BasicResourcePool.java:1014)
		com.mchange.v2.resourcepool.BasicResourcePool.access$800(BasicResourcePool.java:32)
		com.mchange.v2.resourcepool.BasicResourcePool$AcquireTask.run(BasicResourcePool.java:1810)
		com.mchange.v2.async.ThreadPoolAsynchronousRunner$PoolThread.run(ThreadPoolAsynchronousRunner.java:547)
	Thread[com.mchange.v2.async.ThreadPoolAsynchronousRunner$PoolThread-#0,5,main]
		java.net.DualStackPlainSocketImpl.available0(Native Method)
		java.net.DualStackPlainSocketImpl.socketAvailable(DualStackPlainSocketImpl.java:145)
		java.net.AbstractPlainSocketImpl.available(AbstractPlainSocketImpl.java:459)
		java.net.SocketInputStream.available(SocketInputStream.java:238)
		com.mysql.jdbc.util.ReadAheadInputStream.fill(ReadAheadInputStream.java:72)
		com.mysql.jdbc.util.ReadAheadInputStream.readFromUnderlyingStreamIfNecessary(ReadAheadInputStream.java:161)
		com.mysql.jdbc.util.ReadAheadInputStream.read(ReadAheadInputStream.java:189)
		com.mysql.jdbc.MysqlIO.readFully(MysqlIO.java:3116)
		com.mysql.jdbc.MysqlIO.reuseAndReadPacket(MysqlIO.java:3573)
		com.mysql.jdbc.MysqlIO.reuseAndReadPacket(MysqlIO.java:3562)
		com.mysql.jdbc.MysqlIO.checkErrorPacket(MysqlIO.java:4113)
		com.mysql.jdbc.MysqlIO.sendCommand(MysqlIO.java:2570)
		com.mysql.jdbc.MysqlIO.sqlQueryDirect(MysqlIO.java:2731)
		com.mysql.jdbc.ConnectionImpl.execSQL(ConnectionImpl.java:2812)
		com.mysql.jdbc.ConnectionImpl.configureClientCharacterSet(ConnectionImpl.java:2029)
		com.mysql.jdbc.ConnectionImpl.initializePropsFromServer(ConnectionImpl.java:3683)
		com.mysql.jdbc.ConnectionImpl.connectOneTryOnly(ConnectionImpl.java:2534)
		com.mysql.jdbc.ConnectionImpl.createNewIO(ConnectionImpl.java:2304)
		com.mysql.jdbc.ConnectionImpl.<init>(ConnectionImpl.java:834)
		com.mysql.jdbc.JDBC4Connection.<init>(JDBC4Connection.java:47)
		sun.reflect.GeneratedConstructorAccessor24.newInstance(Unknown Source)
		sun.reflect.DelegatingConstructorAccessorImpl.newInstance(DelegatingConstructorAccessorImpl.java:45)
		java.lang.reflect.Constructor.newInstance(Constructor.java:530)
		com.mysql.jdbc.Util.handleNewInstance(Util.java:411)
		com.mysql.jdbc.ConnectionImpl.getInstance(ConnectionImpl.java:416)
		com.mysql.jdbc.NonRegisteringDriver.connect(NonRegisteringDriver.java:346)
		com.mchange.v2.c3p0.DriverManagerDataSource.getConnection(DriverManagerDataSource.java:134)
		com.mchange.v2.c3p0.WrapperConnectionPoolDataSource.getPooledConnection(WrapperConnectionPoolDataSource.java:182)
		com.mchange.v2.c3p0.WrapperConnectionPoolDataSource.getPooledConnection(WrapperConnectionPoolDataSource.java:171)
		com.mchange.v2.c3p0.impl.C3P0PooledConnectionPool$1PooledConnectionResourcePoolManager.acquireResource(C3P0PooledConnectionPool.java:137)
		com.mchange.v2.resourcepool.BasicResourcePool.doAcquire(BasicResourcePool.java:1014)
		com.mchange.v2.resourcepool.BasicResourcePool.access$800(BasicResourcePool.java:32)
		com.mchange.v2.resourcepool.BasicResourcePool$AcquireTask.run(BasicResourcePool.java:1810)
		com.mchange.v2.async.ThreadPoolAsynchronousRunner$PoolThread.run(ThreadPoolAsynchronousRunner.java:547)


[2014-11-14 16:14:59,265] ERROR (ContextLoader.java:318) - Context initialization failed
org.springframework.beans.factory.BeanCreationException: Error creating bean with name 'shiroFilter' defined in class path resource [spring-config-shiro.xml]: Cannot resolve reference to bean 'securityManager' while setting bean property 'securityManager'; nested exception is org.springframework.beans.factory.BeanCreationException: Error creating bean with name 'securityManager' defined in class path resource [spring-config-shiro.xml]: Cannot resolve reference to bean 'userRealm' while setting bean property 'realms' with key [0]; nested exception is org.springframework.beans.factory.BeanCreationException: Error creating bean with name 'userRealm' defined in class path resource [spring-config-shiro.xml]: Cannot resolve reference to bean 'userService' while setting bean property 'userService'; nested exception is org.springframework.beans.factory.BeanCreationException: Error creating bean with name 'userService': Injection of resource dependencies failed; nested exception is org.springframework.beans.factory.BeanCreationException: Error creating bean with name 'userDao': Injection of resource dependencies failed; nested exception is org.springframework.beans.factory.BeanCreationException: Error creating bean with name 'sessionFactory' defined in class path resource [applicationContext-mysql.xml]: Invocation of init method failed; nested exception is org.hibernate.AnnotationException: @Column(s) not allowed on a @ManyToOne property: cn.chinattclub.izou7AppServer.entity.ActivityGuestsVote.guests
	at org.springframework.beans.factory.support.BeanDefinitionValueResolver.resolveReference(BeanDefinitionValueResolver.java:328)
	at org.springframework.beans.factory.support.BeanDefinitionValueResolver.resolveValueIfNecessary(BeanDefinitionValueResolver.java:107)
	at org.springframework.beans.factory.support.AbstractAutowireCapableBeanFactory.applyPropertyValues(AbstractAutowireCapableBeanFactory.java:1456)
	at org.springframework.beans.factory.support.AbstractAutowireCapableBeanFactory.populateBean(AbstractAutowireCapableBeanFactory.java:1197)
	at org.springframework.beans.factory.support.AbstractAutowireCapableBeanFactory.doCreateBean(AbstractAutowireCapableBeanFactory.java:537)
	at org.springframework.beans.factory.support.AbstractAutowireCapableBeanFactory.createBean(AbstractAutowireCapableBeanFactory.java:475)
	at org.springframework.beans.factory.support.AbstractBeanFactory$1.getObject(AbstractBeanFactory.java:304)
	at org.springframework.beans.factory.support.DefaultSingletonBeanRegistry.getSingleton(DefaultSingletonBeanRegistry.java:228)
	at org.springframework.beans.factory.support.AbstractBeanFactory.doGetBean(AbstractBeanFactory.java:300)
	at org.springframework.beans.factory.support.AbstractBeanFactory.getBean(AbstractBeanFactory.java:200)
	at org.springframework.context.support.PostProcessorRegistrationDelegate.registerBeanPostProcessors(PostProcessorRegistrationDelegate.java:232)
	at org.springframework.context.support.AbstractApplicationContext.registerBeanPostProcessors(AbstractApplicationContext.java:618)
	at org.springframework.context.support.AbstractApplicationContext.refresh(AbstractApplicationContext.java:467)
	at org.springframework.web.context.ContextLoader.configureAndRefreshWebApplicationContext(ContextLoader.java:381)
	at org.springframework.web.context.ContextLoader.initWebApplicationContext(ContextLoader.java:293)
	at org.springframework.web.context.ContextLoaderListener.contextInitialized(ContextLoaderListener.java:106)
	at org.mortbay.jetty.handler.ContextHandler.startContext(ContextHandler.java:549)
	at org.mortbay.jetty.servlet.Context.startContext(Context.java:136)
	at org.mortbay.jetty.webapp.WebAppContext.startContext(WebAppContext.java:1282)
	at org.mortbay.jetty.handler.ContextHandler.doStart(ContextHandler.java:518)
	at org.mortbay.jetty.webapp.WebAppContext.doStart(WebAppContext.java:499)
	at org.mortbay.component.AbstractLifeCycle.start(AbstractLifeCycle.java:50)
	at org.mortbay.jetty.handler.HandlerWrapper.doStart(HandlerWrapper.java:130)
	at org.mortbay.jetty.Server.doStart(Server.java:224)
	at org.mortbay.component.AbstractLifeCycle.start(AbstractLifeCycle.java:50)
	at runjettyrun.Bootstrap.main(Bootstrap.java:97)
Caused by: org.springframework.beans.factory.BeanCreationException: Error creating bean with name 'securityManager' defined in class path resource [spring-config-shiro.xml]: Cannot resolve reference to bean 'userRealm' while setting bean property 'realms' with key [0]; nested exception is org.springframework.beans.factory.BeanCreationException: Error creating bean with name 'userRealm' defined in class path resource [spring-config-shiro.xml]: Cannot resolve reference to bean 'userService' while setting bean property 'userService'; nested exception is org.springframework.beans.factory.BeanCreationException: Error creating bean with name 'userService': Injection of resource dependencies failed; nested exception is org.springframework.beans.factory.BeanCreationException: Error creating bean with name 'userDao': Injection of resource dependencies failed; nested exception is org.springframework.beans.factory.BeanCreationException: Error creating bean with name 'sessionFactory' defined in class path resource [applicationContext-mysql.xml]: Invocation of init method failed; nested exception is org.hibernate.AnnotationException: @Column(s) not allowed on a @ManyToOne property: cn.chinattclub.izou7AppServer.entity.ActivityGuestsVote.guests
	at org.springframework.beans.factory.support.BeanDefinitionValueResolver.resolveReference(BeanDefinitionValueResolver.java:328)
	at org.springframework.beans.factory.support.BeanDefinitionValueResolver.resolveValueIfNecessary(BeanDefinitionValueResolver.java:107)
	at org.springframework.beans.factory.support.BeanDefinitionValueResolver.resolveManagedList(BeanDefinitionValueResolver.java:351)
	at org.springframework.beans.factory.support.BeanDefinitionValueResolver.resolveValueIfNecessary(BeanDefinitionValueResolver.java:154)
	at org.springframework.beans.factory.support.AbstractAutowireCapableBeanFactory.applyPropertyValues(AbstractAutowireCapableBeanFactory.java:1456)
	at org.springframework.beans.factory.support.AbstractAutowireCapableBeanFactory.populateBean(AbstractAutowireCapableBeanFactory.java:1197)
	at org.springframework.beans.factory.support.AbstractAutowireCapableBeanFactory.doCreateBean(AbstractAutowireCapableBeanFactory.java:537)
	at org.springframework.beans.factory.support.AbstractAutowireCapableBeanFactory.createBean(AbstractAutowireCapableBeanFactory.java:475)
	at org.springframework.beans.factory.support.AbstractBeanFactory$1.getObject(AbstractBeanFactory.java:304)
	at org.springframework.beans.factory.support.DefaultSingletonBeanRegistry.getSingleton(DefaultSingletonBeanRegistry.java:228)
	at org.springframework.beans.factory.support.AbstractBeanFactory.doGetBean(AbstractBeanFactory.java:300)
	at org.springframework.beans.factory.support.AbstractBeanFactory.getBean(AbstractBeanFactory.java:195)
	at org.springframework.beans.factory.support.BeanDefinitionValueResolver.resolveReference(BeanDefinitionValueResolver.java:320)
	... 25 more
Caused by: org.springframework.beans.factory.BeanCreationException: Error creating bean with name 'userRealm' defined in class path resource [spring-config-shiro.xml]: Cannot resolve reference to bean 'userService' while setting bean property 'userService'; nested exception is org.springframework.beans.factory.BeanCreationException: Error creating bean with name 'userService': Injection of resource dependencies failed; nested exception is org.springframework.beans.factory.BeanCreationException: Error creating bean with name 'userDao': Injection of resource dependencies failed; nested exception is org.springframework.beans.factory.BeanCreationException: Error creating bean with name 'sessionFactory' defined in class path resource [applicationContext-mysql.xml]: Invocation of init method failed; nested exception is org.hibernate.AnnotationException: @Column(s) not allowed on a @ManyToOne property: cn.chinattclub.izou7AppServer.entity.ActivityGuestsVote.guests
	at org.springframework.beans.factory.support.BeanDefinitionValueResolver.resolveReference(BeanDefinitionValueResolver.java:328)
	at org.springframework.beans.factory.support.BeanDefinitionValueResolver.resolveValueIfNecessary(BeanDefinitionValueResolver.java:107)
	at org.springframework.beans.factory.support.AbstractAutowireCapableBeanFactory.applyPropertyValues(AbstractAutowireCapableBeanFactory.java:1456)
	at org.springframework.beans.factory.support.AbstractAutowireCapableBeanFactory.populateBean(AbstractAutowireCapableBeanFactory.java:1197)
	at org.springframework.beans.factory.support.AbstractAutowireCapableBeanFactory.doCreateBean(AbstractAutowireCapableBeanFactory.java:537)
	at org.springframework.beans.factory.support.AbstractAutowireCapableBeanFactory.createBean(AbstractAutowireCapableBeanFactory.java:475)
	at org.springframework.beans.factory.support.AbstractBeanFactory$1.getObject(AbstractBeanFactory.java:304)
	at org.springframework.beans.factory.support.DefaultSingletonBeanRegistry.getSingleton(DefaultSingletonBeanRegistry.java:228)
	at org.springframework.beans.factory.support.AbstractBeanFactory.doGetBean(AbstractBeanFactory.java:300)
	at org.springframework.beans.factory.support.AbstractBeanFactory.getBean(AbstractBeanFactory.java:195)
	at org.springframework.beans.factory.support.BeanDefinitionValueResolver.resolveReference(BeanDefinitionValueResolver.java:320)
	... 37 more
Caused by: org.springframework.beans.factory.BeanCreationException: Error creating bean with name 'userService': Injection of resource dependencies failed; nested exception is org.springframework.beans.factory.BeanCreationException: Error creating bean with name 'userDao': Injection of resource dependencies failed; nested exception is org.springframework.beans.factory.BeanCreationException: Error creating bean with name 'sessionFactory' defined in class path resource [applicationContext-mysql.xml]: Invocation of init method failed; nested exception is org.hibernate.AnnotationException: @Column(s) not allowed on a @ManyToOne property: cn.chinattclub.izou7AppServer.entity.ActivityGuestsVote.guests
	at org.springframework.context.annotation.CommonAnnotationBeanPostProcessor.postProcessPropertyValues(CommonAnnotationBeanPostProcessor.java:307)
	at org.springframework.beans.factory.support.AbstractAutowireCapableBeanFactory.populateBean(AbstractAutowireCapableBeanFactory.java:1185)
	at org.springframework.beans.factory.support.AbstractAutowireCapableBeanFactory.doCreateBean(AbstractAutowireCapableBeanFactory.java:537)
	at org.springframework.beans.factory.support.AbstractAutowireCapableBeanFactory.createBean(AbstractAutowireCapableBeanFactory.java:475)
	at org.springframework.beans.factory.support.AbstractBeanFactory$1.getObject(AbstractBeanFactory.java:304)
	at org.springframework.beans.factory.support.DefaultSingletonBeanRegistry.getSingleton(DefaultSingletonBeanRegistry.java:228)
	at org.springframework.beans.factory.support.AbstractBeanFactory.doGetBean(AbstractBeanFactory.java:300)
	at org.springframework.beans.factory.support.AbstractBeanFactory.getBean(AbstractBeanFactory.java:195)
	at org.springframework.beans.factory.support.BeanDefinitionValueResolver.resolveReference(BeanDefinitionValueResolver.java:320)
	... 47 more
Caused by: org.springframework.beans.factory.BeanCreationException: Error creating bean with name 'userDao': Injection of resource dependencies failed; nested exception is org.springframework.beans.factory.BeanCreationException: Error creating bean with name 'sessionFactory' defined in class path resource [applicationContext-mysql.xml]: Invocation of init method failed; nested exception is org.hibernate.AnnotationException: @Column(s) not allowed on a @ManyToOne property: cn.chinattclub.izou7AppServer.entity.ActivityGuestsVote.guests
	at org.springframework.context.annotation.CommonAnnotationBeanPostProcessor.postProcessPropertyValues(CommonAnnotationBeanPostProcessor.java:307)
	at org.springframework.beans.factory.support.AbstractAutowireCapableBeanFactory.populateBean(AbstractAutowireCapableBeanFactory.java:1185)
	at org.springframework.beans.factory.support.AbstractAutowireCapableBeanFactory.doCreateBean(AbstractAutowireCapableBeanFactory.java:537)
	at org.springframework.beans.factory.support.AbstractAutowireCapableBeanFactory.createBean(AbstractAutowireCapableBeanFactory.java:475)
	at org.springframework.beans.factory.support.AbstractBeanFactory$1.getObject(AbstractBeanFactory.java:304)
	at org.springframework.beans.factory.support.DefaultSingletonBeanRegistry.getSingleton(DefaultSingletonBeanRegistry.java:228)
	at org.springframework.beans.factory.support.AbstractBeanFactory.doGetBean(AbstractBeanFactory.java:300)
	at org.springframework.beans.factory.support.AbstractBeanFactory.getBean(AbstractBeanFactory.java:200)
	at org.springframework.context.annotation.CommonAnnotationBeanPostProcessor.autowireResource(CommonAnnotationBeanPostProcessor.java:445)
	at org.springframework.context.annotation.CommonAnnotationBeanPostProcessor.getResource(CommonAnnotationBeanPostProcessor.java:419)
	at org.springframework.context.annotation.CommonAnnotationBeanPostProcessor$ResourceElement.getResourceToInject(CommonAnnotationBeanPostProcessor.java:544)
	at org.springframework.beans.factory.annotation.InjectionMetadata$InjectedElement.inject(InjectionMetadata.java:150)
	at org.springframework.beans.factory.annotation.InjectionMetadata.inject(InjectionMetadata.java:87)
	at org.springframework.context.annotation.CommonAnnotationBeanPostProcessor.postProcessPropertyValues(CommonAnnotationBeanPostProcessor.java:304)
	... 55 more
Caused by: org.springframework.beans.factory.BeanCreationException: Error creating bean with name 'sessionFactory' defined in class path resource [applicationContext-mysql.xml]: Invocation of init method failed; nested exception is org.hibernate.AnnotationException: @Column(s) not allowed on a @ManyToOne property: cn.chinattclub.izou7AppServer.entity.ActivityGuestsVote.guests
	at org.springframework.beans.factory.support.AbstractAutowireCapableBeanFactory.initializeBean(AbstractAutowireCapableBeanFactory.java:1553)
	at org.springframework.beans.factory.support.AbstractAutowireCapableBeanFactory.doCreateBean(AbstractAutowireCapableBeanFactory.java:539)
	at org.springframework.beans.factory.support.AbstractAutowireCapableBeanFactory.createBean(AbstractAutowireCapableBeanFactory.java:475)
	at org.springframework.beans.factory.support.AbstractBeanFactory$1.getObject(AbstractBeanFactory.java:304)
	at org.springframework.beans.factory.support.DefaultSingletonBeanRegistry.getSingleton(DefaultSingletonBeanRegistry.java:228)
	at org.springframework.beans.factory.support.AbstractBeanFactory.doGetBean(AbstractBeanFactory.java:300)
	at org.springframework.beans.factory.support.AbstractBeanFactory.getBean(AbstractBeanFactory.java:200)
	at org.springframework.context.annotation.CommonAnnotationBeanPostProcessor.autowireResource(CommonAnnotationBeanPostProcessor.java:445)
	at org.springframework.context.annotation.CommonAnnotationBeanPostProcessor.getResource(CommonAnnotationBeanPostProcessor.java:419)
	at org.springframework.context.annotation.CommonAnnotationBeanPostProcessor$ResourceElement.getResourceToInject(CommonAnnotationBeanPostProcessor.java:544)
	at org.springframework.beans.factory.annotation.InjectionMetadata$InjectedElement.inject(InjectionMetadata.java:150)
	at org.springframework.beans.factory.annotation.InjectionMetadata.inject(InjectionMetadata.java:87)
	at org.springframework.context.annotation.CommonAnnotationBeanPostProcessor.postProcessPropertyValues(CommonAnnotationBeanPostProcessor.java:304)
	... 68 more
Caused by: org.hibernate.AnnotationException: @Column(s) not allowed on a @ManyToOne property: cn.chinattclub.izou7AppServer.entity.ActivityGuestsVote.guests
	at org.hibernate.cfg.AnnotationBinder.processElementAnnotations(AnnotationBinder.java:1581)
	at org.hibernate.cfg.AnnotationBinder.processIdPropertiesIfNotAlready(AnnotationBinder.java:767)
	at org.hibernate.cfg.AnnotationBinder.bindClass(AnnotationBinder.java:686)
	at org.hibernate.cfg.Configuration$MetadataSourceQueue.processAnnotatedClassesQueue(Configuration.java:3537)
	at org.hibernate.cfg.Configuration$MetadataSourceQueue.processMetadata(Configuration.java:3491)
	at org.hibernate.cfg.Configuration.secondPassCompile(Configuration.java:1376)
	at org.hibernate.cfg.Configuration.buildSessionFactory(Configuration.java:1781)
	at org.hibernate.cfg.Configuration.buildSessionFactory(Configuration.java:1865)
	at org.springframework.orm.hibernate4.LocalSessionFactoryBuilder.buildSessionFactory(LocalSessionFactoryBuilder.java:339)
	at org.springframework.orm.hibernate4.LocalSessionFactoryBean.buildSessionFactory(LocalSessionFactoryBean.java:427)
	at org.springframework.orm.hibernate4.LocalSessionFactoryBean.afterPropertiesSet(LocalSessionFactoryBean.java:412)
	at org.springframework.beans.factory.support.AbstractAutowireCapableBeanFactory.invokeInitMethods(AbstractAutowireCapableBeanFactory.java:1612)
	at org.springframework.beans.factory.support.AbstractAutowireCapableBeanFactory.initializeBean(AbstractAutowireCapableBeanFactory.java:1549)
	... 80 more
[2014-11-14 16:38:28,148] ERROR (ContextLoader.java:318) - Context initialization failed
org.springframework.beans.factory.BeanCreationException: Error creating bean with name 'shiroFilter' defined in class path resource [spring-config-shiro.xml]: Cannot resolve reference to bean 'securityManager' while setting bean property 'securityManager'; nested exception is org.springframework.beans.factory.BeanCreationException: Error creating bean with name 'securityManager' defined in class path resource [spring-config-shiro.xml]: Cannot resolve reference to bean 'userRealm' while setting bean property 'realms' with key [0]; nested exception is org.springframework.beans.factory.BeanCreationException: Error creating bean with name 'userRealm' defined in class path resource [spring-config-shiro.xml]: Cannot resolve reference to bean 'userService' while setting bean property 'userService'; nested exception is org.springframework.beans.factory.BeanCreationException: Error creating bean with name 'userService': Injection of resource dependencies failed; nested exception is org.springframework.beans.factory.BeanCreationException: Error creating bean with name 'userDao': Injection of resource dependencies failed; nested exception is org.springframework.beans.factory.BeanCreationException: Error creating bean with name 'sessionFactory' defined in class path resource [applicationContext-mysql.xml]: Invocation of init method failed; nested exception is org.hibernate.AnnotationException: @Temporal should only be set on a java.util.Date or java.util.Calendar property: cn.chinattclub.izou7AppServer.entity.UserInfo.birthday
	at org.springframework.beans.factory.support.BeanDefinitionValueResolver.resolveReference(BeanDefinitionValueResolver.java:328)
	at org.springframework.beans.factory.support.BeanDefinitionValueResolver.resolveValueIfNecessary(BeanDefinitionValueResolver.java:107)
	at org.springframework.beans.factory.support.AbstractAutowireCapableBeanFactory.applyPropertyValues(AbstractAutowireCapableBeanFactory.java:1456)
	at org.springframework.beans.factory.support.AbstractAutowireCapableBeanFactory.populateBean(AbstractAutowireCapableBeanFactory.java:1197)
	at org.springframework.beans.factory.support.AbstractAutowireCapableBeanFactory.doCreateBean(AbstractAutowireCapableBeanFactory.java:537)
	at org.springframework.beans.factory.support.AbstractAutowireCapableBeanFactory.createBean(AbstractAutowireCapableBeanFactory.java:475)
	at org.springframework.beans.factory.support.AbstractBeanFactory$1.getObject(AbstractBeanFactory.java:304)
	at org.springframework.beans.factory.support.DefaultSingletonBeanRegistry.getSingleton(DefaultSingletonBeanRegistry.java:228)
	at org.springframework.beans.factory.support.AbstractBeanFactory.doGetBean(AbstractBeanFactory.java:300)
	at org.springframework.beans.factory.support.AbstractBeanFactory.getBean(AbstractBeanFactory.java:200)
	at org.springframework.context.support.PostProcessorRegistrationDelegate.registerBeanPostProcessors(PostProcessorRegistrationDelegate.java:232)
	at org.springframework.context.support.AbstractApplicationContext.registerBeanPostProcessors(AbstractApplicationContext.java:618)
	at org.springframework.context.support.AbstractApplicationContext.refresh(AbstractApplicationContext.java:467)
	at org.springframework.web.context.ContextLoader.configureAndRefreshWebApplicationContext(ContextLoader.java:381)
	at org.springframework.web.context.ContextLoader.initWebApplicationContext(ContextLoader.java:293)
	at org.springframework.web.context.ContextLoaderListener.contextInitialized(ContextLoaderListener.java:106)
	at org.mortbay.jetty.handler.ContextHandler.startContext(ContextHandler.java:549)
	at org.mortbay.jetty.servlet.Context.startContext(Context.java:136)
	at org.mortbay.jetty.webapp.WebAppContext.startContext(WebAppContext.java:1282)
	at org.mortbay.jetty.handler.ContextHandler.doStart(ContextHandler.java:518)
	at org.mortbay.jetty.webapp.WebAppContext.doStart(WebAppContext.java:499)
	at org.mortbay.component.AbstractLifeCycle.start(AbstractLifeCycle.java:50)
	at org.mortbay.jetty.handler.HandlerWrapper.doStart(HandlerWrapper.java:130)
	at org.mortbay.jetty.Server.doStart(Server.java:224)
	at org.mortbay.component.AbstractLifeCycle.start(AbstractLifeCycle.java:50)
	at runjettyrun.Bootstrap.main(Bootstrap.java:97)
Caused by: org.springframework.beans.factory.BeanCreationException: Error creating bean with name 'securityManager' defined in class path resource [spring-config-shiro.xml]: Cannot resolve reference to bean 'userRealm' while setting bean property 'realms' with key [0]; nested exception is org.springframework.beans.factory.BeanCreationException: Error creating bean with name 'userRealm' defined in class path resource [spring-config-shiro.xml]: Cannot resolve reference to bean 'userService' while setting bean property 'userService'; nested exception is org.springframework.beans.factory.BeanCreationException: Error creating bean with name 'userService': Injection of resource dependencies failed; nested exception is org.springframework.beans.factory.BeanCreationException: Error creating bean with name 'userDao': Injection of resource dependencies failed; nested exception is org.springframework.beans.factory.BeanCreationException: Error creating bean with name 'sessionFactory' defined in class path resource [applicationContext-mysql.xml]: Invocation of init method failed; nested exception is org.hibernate.AnnotationException: @Temporal should only be set on a java.util.Date or java.util.Calendar property: cn.chinattclub.izou7AppServer.entity.UserInfo.birthday
	at org.springframework.beans.factory.support.BeanDefinitionValueResolver.resolveReference(BeanDefinitionValueResolver.java:328)
	at org.springframework.beans.factory.support.BeanDefinitionValueResolver.resolveValueIfNecessary(BeanDefinitionValueResolver.java:107)
	at org.springframework.beans.factory.support.BeanDefinitionValueResolver.resolveManagedList(BeanDefinitionValueResolver.java:351)
	at org.springframework.beans.factory.support.BeanDefinitionValueResolver.resolveValueIfNecessary(BeanDefinitionValueResolver.java:154)
	at org.springframework.beans.factory.support.AbstractAutowireCapableBeanFactory.applyPropertyValues(AbstractAutowireCapableBeanFactory.java:1456)
	at org.springframework.beans.factory.support.AbstractAutowireCapableBeanFactory.populateBean(AbstractAutowireCapableBeanFactory.java:1197)
	at org.springframework.beans.factory.support.AbstractAutowireCapableBeanFactory.doCreateBean(AbstractAutowireCapableBeanFactory.java:537)
	at org.springframework.beans.factory.support.AbstractAutowireCapableBeanFactory.createBean(AbstractAutowireCapableBeanFactory.java:475)
	at org.springframework.beans.factory.support.AbstractBeanFactory$1.getObject(AbstractBeanFactory.java:304)
	at org.springframework.beans.factory.support.DefaultSingletonBeanRegistry.getSingleton(DefaultSingletonBeanRegistry.java:228)
	at org.springframework.beans.factory.support.AbstractBeanFactory.doGetBean(AbstractBeanFactory.java:300)
	at org.springframework.beans.factory.support.AbstractBeanFactory.getBean(AbstractBeanFactory.java:195)
	at org.springframework.beans.factory.support.BeanDefinitionValueResolver.resolveReference(BeanDefinitionValueResolver.java:320)
	... 25 more
Caused by: org.springframework.beans.factory.BeanCreationException: Error creating bean with name 'userRealm' defined in class path resource [spring-config-shiro.xml]: Cannot resolve reference to bean 'userService' while setting bean property 'userService'; nested exception is org.springframework.beans.factory.BeanCreationException: Error creating bean with name 'userService': Injection of resource dependencies failed; nested exception is org.springframework.beans.factory.BeanCreationException: Error creating bean with name 'userDao': Injection of resource dependencies failed; nested exception is org.springframework.beans.factory.BeanCreationException: Error creating bean with name 'sessionFactory' defined in class path resource [applicationContext-mysql.xml]: Invocation of init method failed; nested exception is org.hibernate.AnnotationException: @Temporal should only be set on a java.util.Date or java.util.Calendar property: cn.chinattclub.izou7AppServer.entity.UserInfo.birthday
	at org.springframework.beans.factory.support.BeanDefinitionValueResolver.resolveReference(BeanDefinitionValueResolver.java:328)
	at org.springframework.beans.factory.support.BeanDefinitionValueResolver.resolveValueIfNecessary(BeanDefinitionValueResolver.java:107)
	at org.springframework.beans.factory.support.AbstractAutowireCapableBeanFactory.applyPropertyValues(AbstractAutowireCapableBeanFactory.java:1456)
	at org.springframework.beans.factory.support.AbstractAutowireCapableBeanFactory.populateBean(AbstractAutowireCapableBeanFactory.java:1197)
	at org.springframework.beans.factory.support.AbstractAutowireCapableBeanFactory.doCreateBean(AbstractAutowireCapableBeanFactory.java:537)
	at org.springframework.beans.factory.support.AbstractAutowireCapableBeanFactory.createBean(AbstractAutowireCapableBeanFactory.java:475)
	at org.springframework.beans.factory.support.AbstractBeanFactory$1.getObject(AbstractBeanFactory.java:304)
	at org.springframework.beans.factory.support.DefaultSingletonBeanRegistry.getSingleton(DefaultSingletonBeanRegistry.java:228)
	at org.springframework.beans.factory.support.AbstractBeanFactory.doGetBean(AbstractBeanFactory.java:300)
	at org.springframework.beans.factory.support.AbstractBeanFactory.getBean(AbstractBeanFactory.java:195)
	at org.springframework.beans.factory.support.BeanDefinitionValueResolver.resolveReference(BeanDefinitionValueResolver.java:320)
	... 37 more
Caused by: org.springframework.beans.factory.BeanCreationException: Error creating bean with name 'userService': Injection of resource dependencies failed; nested exception is org.springframework.beans.factory.BeanCreationException: Error creating bean with name 'userDao': Injection of resource dependencies failed; nested exception is org.springframework.beans.factory.BeanCreationException: Error creating bean with name 'sessionFactory' defined in class path resource [applicationContext-mysql.xml]: Invocation of init method failed; nested exception is org.hibernate.AnnotationException: @Temporal should only be set on a java.util.Date or java.util.Calendar property: cn.chinattclub.izou7AppServer.entity.UserInfo.birthday
	at org.springframework.context.annotation.CommonAnnotationBeanPostProcessor.postProcessPropertyValues(CommonAnnotationBeanPostProcessor.java:307)
	at org.springframework.beans.factory.support.AbstractAutowireCapableBeanFactory.populateBean(AbstractAutowireCapableBeanFactory.java:1185)
	at org.springframework.beans.factory.support.AbstractAutowireCapableBeanFactory.doCreateBean(AbstractAutowireCapableBeanFactory.java:537)
	at org.springframework.beans.factory.support.AbstractAutowireCapableBeanFactory.createBean(AbstractAutowireCapableBeanFactory.java:475)
	at org.springframework.beans.factory.support.AbstractBeanFactory$1.getObject(AbstractBeanFactory.java:304)
	at org.springframework.beans.factory.support.DefaultSingletonBeanRegistry.getSingleton(DefaultSingletonBeanRegistry.java:228)
	at org.springframework.beans.factory.support.AbstractBeanFactory.doGetBean(AbstractBeanFactory.java:300)
	at org.springframework.beans.factory.support.AbstractBeanFactory.getBean(AbstractBeanFactory.java:195)
	at org.springframework.beans.factory.support.BeanDefinitionValueResolver.resolveReference(BeanDefinitionValueResolver.java:320)
	... 47 more
Caused by: org.springframework.beans.factory.BeanCreationException: Error creating bean with name 'userDao': Injection of resource dependencies failed; nested exception is org.springframework.beans.factory.BeanCreationException: Error creating bean with name 'sessionFactory' defined in class path resource [applicationContext-mysql.xml]: Invocation of init method failed; nested exception is org.hibernate.AnnotationException: @Temporal should only be set on a java.util.Date or java.util.Calendar property: cn.chinattclub.izou7AppServer.entity.UserInfo.birthday
	at org.springframework.context.annotation.CommonAnnotationBeanPostProcessor.postProcessPropertyValues(CommonAnnotationBeanPostProcessor.java:307)
	at org.springframework.beans.factory.support.AbstractAutowireCapableBeanFactory.populateBean(AbstractAutowireCapableBeanFactory.java:1185)
	at org.springframework.beans.factory.support.AbstractAutowireCapableBeanFactory.doCreateBean(AbstractAutowireCapableBeanFactory.java:537)
	at org.springframework.beans.factory.support.AbstractAutowireCapableBeanFactory.createBean(AbstractAutowireCapableBeanFactory.java:475)
	at org.springframework.beans.factory.support.AbstractBeanFactory$1.getObject(AbstractBeanFactory.java:304)
	at org.springframework.beans.factory.support.DefaultSingletonBeanRegistry.getSingleton(DefaultSingletonBeanRegistry.java:228)
	at org.springframework.beans.factory.support.AbstractBeanFactory.doGetBean(AbstractBeanFactory.java:300)
	at org.springframework.beans.factory.support.AbstractBeanFactory.getBean(AbstractBeanFactory.java:200)
	at org.springframework.context.annotation.CommonAnnotationBeanPostProcessor.autowireResource(CommonAnnotationBeanPostProcessor.java:445)
	at org.springframework.context.annotation.CommonAnnotationBeanPostProcessor.getResource(CommonAnnotationBeanPostProcessor.java:419)
	at org.springframework.context.annotation.CommonAnnotationBeanPostProcessor$ResourceElement.getResourceToInject(CommonAnnotationBeanPostProcessor.java:544)
	at org.springframework.beans.factory.annotation.InjectionMetadata$InjectedElement.inject(InjectionMetadata.java:150)
	at org.springframework.beans.factory.annotation.InjectionMetadata.inject(InjectionMetadata.java:87)
	at org.springframework.context.annotation.CommonAnnotationBeanPostProcessor.postProcessPropertyValues(CommonAnnotationBeanPostProcessor.java:304)
	... 55 more
Caused by: org.springframework.beans.factory.BeanCreationException: Error creating bean with name 'sessionFactory' defined in class path resource [applicationContext-mysql.xml]: Invocation of init method failed; nested exception is org.hibernate.AnnotationException: @Temporal should only be set on a java.util.Date or java.util.Calendar property: cn.chinattclub.izou7AppServer.entity.UserInfo.birthday
	at org.springframework.beans.factory.support.AbstractAutowireCapableBeanFactory.initializeBean(AbstractAutowireCapableBeanFactory.java:1553)
	at org.springframework.beans.factory.support.AbstractAutowireCapableBeanFactory.doCreateBean(AbstractAutowireCapableBeanFactory.java:539)
	at org.springframework.beans.factory.support.AbstractAutowireCapableBeanFactory.createBean(AbstractAutowireCapableBeanFactory.java:475)
	at org.springframework.beans.factory.support.AbstractBeanFactory$1.getObject(AbstractBeanFactory.java:304)
	at org.springframework.beans.factory.support.DefaultSingletonBeanRegistry.getSingleton(DefaultSingletonBeanRegistry.java:228)
	at org.springframework.beans.factory.support.AbstractBeanFactory.doGetBean(AbstractBeanFactory.java:300)
	at org.springframework.beans.factory.support.AbstractBeanFactory.getBean(AbstractBeanFactory.java:200)
	at org.springframework.context.annotation.CommonAnnotationBeanPostProcessor.autowireResource(CommonAnnotationBeanPostProcessor.java:445)
	at org.springframework.context.annotation.CommonAnnotationBeanPostProcessor.getResource(CommonAnnotationBeanPostProcessor.java:419)
	at org.springframework.context.annotation.CommonAnnotationBeanPostProcessor$ResourceElement.getResourceToInject(CommonAnnotationBeanPostProcessor.java:544)
	at org.springframework.beans.factory.annotation.InjectionMetadata$InjectedElement.inject(InjectionMetadata.java:150)
	at org.springframework.beans.factory.annotation.InjectionMetadata.inject(InjectionMetadata.java:87)
	at org.springframework.context.annotation.CommonAnnotationBeanPostProcessor.postProcessPropertyValues(CommonAnnotationBeanPostProcessor.java:304)
	... 68 more
Caused by: org.hibernate.AnnotationException: @Temporal should only be set on a java.util.Date or java.util.Calendar property: cn.chinattclub.izou7AppServer.entity.UserInfo.birthday
	at org.hibernate.cfg.annotations.SimpleValueBinder.setType(SimpleValueBinder.java:172)
	at org.hibernate.cfg.annotations.PropertyBinder.makePropertyAndValue(PropertyBinder.java:189)
	at org.hibernate.cfg.annotations.PropertyBinder.makePropertyValueAndBind(PropertyBinder.java:205)
	at org.hibernate.cfg.AnnotationBinder.processElementAnnotations(AnnotationBinder.java:2038)
	at org.hibernate.cfg.AnnotationBinder.processIdPropertiesIfNotAlready(AnnotationBinder.java:767)
	at org.hibernate.cfg.AnnotationBinder.bindClass(AnnotationBinder.java:686)
	at org.hibernate.cfg.Configuration$MetadataSourceQueue.processAnnotatedClassesQueue(Configuration.java:3537)
	at org.hibernate.cfg.Configuration$MetadataSourceQueue.processMetadata(Configuration.java:3491)
	at org.hibernate.cfg.Configuration.secondPassCompile(Configuration.java:1376)
	at org.hibernate.cfg.Configuration.buildSessionFactory(Configuration.java:1781)
	at org.hibernate.cfg.Configuration.buildSessionFactory(Configuration.java:1865)
	at org.springframework.orm.hibernate4.LocalSessionFactoryBuilder.buildSessionFactory(LocalSessionFactoryBuilder.java:339)
	at org.springframework.orm.hibernate4.LocalSessionFactoryBean.buildSessionFactory(LocalSessionFactoryBean.java:427)
	at org.springframework.orm.hibernate4.LocalSessionFactoryBean.afterPropertiesSet(LocalSessionFactoryBean.java:412)
	at org.springframework.beans.factory.support.AbstractAutowireCapableBeanFactory.invokeInitMethods(AbstractAutowireCapableBeanFactory.java:1612)
	at org.springframework.beans.factory.support.AbstractAutowireCapableBeanFactory.initializeBean(AbstractAutowireCapableBeanFactory.java:1549)
	... 80 more
[2014-11-14 16:40:06,337] WARN  (DefaultWebSecurityManager.java:173) - The org.apache.shiro.web.mgt.DefaultWebSecurityManager implementation expects SessionManager instances that implement the org.apache.shiro.web.session.mgt.WebSessionManager interface.  The configured instance is of type [org.apache.shiro.session.mgt.DefaultSessionManager] which does not implement this interface..  This may cause unexpected behavior.
